TN:
SF:src/modules/books/entities/Book.ts
FN:11,Book
FNF:1
FNH:1
FNDA:1,Book
DA:1,1
DA:2,1
DA:3,1
DA:4,1
DA:5,1
DA:6,1
DA:7,1
DA:8,1
DA:9,1
DA:10,1
DA:11,1
DA:12,1
DA:13,1
DA:14,1
DA:15,1
DA:16,1
DA:17,1
DA:18,1
DA:19,1
DA:20,1
DA:21,1
DA:22,1
LF:22
LH:22
BRDA:11,0,0,1
BRF:1
BRH:1
end_of_record
TN:
SF:src/modules/books/repositories/inMemory/InMemoryBooksRepository.ts
FN:4,InMemoryBooksRepository
FN:7,create
FNF:2
FNH:2
FNDA:1,InMemoryBooksRepository
FNDA:1,create
DA:1,1
DA:2,1
DA:3,1
DA:4,1
DA:5,1
DA:6,1
DA:7,1
DA:8,1
DA:9,1
DA:10,1
DA:11,1
DA:12,1
LF:12
LH:12
BRDA:4,0,0,1
BRDA:7,1,0,1
BRF:2
BRH:2
end_of_record
TN:
SF:src/modules/books/useCases/createBook/CreateBookUseCase.ts
FN:13,CreateBookUseCase
FN:18,execute
FNF:2
FNH:2
FNDA:1,CreateBookUseCase
FNDA:1,execute
DA:1,1
DA:2,1
DA:3,1
DA:4,1
DA:5,1
DA:6,1
DA:7,1
DA:8,1
DA:9,1
DA:10,1
DA:11,1
DA:12,1
DA:13,1
DA:14,1
DA:15,1
DA:16,1
DA:17,1
DA:18,1
DA:19,1
DA:20,1
DA:21,1
DA:22,1
DA:23,1
DA:24,1
DA:25,1
LF:25
LH:25
BRDA:13,0,0,1
BRDA:18,1,0,1
BRF:2
BRH:2
end_of_record
